-------------------------------------------------------------------------------
Test set: TestSuite
-------------------------------------------------------------------------------
Tests run: 20, Failures: 1, Errors: 0, Skipped: 18, Time elapsed: 23.9 sec <<< FAILURE!
getResult on null(com.sampleproject.mavenSampleProject.AppTest)(com.sampleproject.mavenSampleProject.AppTest)  Time elapsed: 19.275 sec  <<< FAILURE!
java.lang.NullPointerException: null
	at com.sampleproject.mavenSampleProject.AppTest.getResult(AppTest.java:210)

