<?xml version="1.0" encoding="UTF-8"?>
<testsuite name="TestSuite" time="64.549" tests="9" errors="0" skipped="1" failures="1">
  <properties>
[...]
</properties>
  <testcase name="delete_test on null(com.sampleproject.mavenSampleProject.AppTest)" classname="com.sampleproject.mavenSampleProject.AppTest" time="22.732"/>
  <testcase name="post_test on null(com.sampleproject.mavenSampleProject.AppTest)" classname="com.sampleproject.mavenSampleProject.AppTest" time="20.499"/>
  <testcase name="put_test on null(com.sampleproject.mavenSampleProject.AppTest)" classname="com.sampleproject.mavenSampleProject.AppTest" time="20.201"/>
  <testcase name="simple_get_test on null(com.sampleproject.mavenSampleProject.AppTest)" classname="com.sampleproject.mavenSampleProject.AppTest" time="1.098"/>
  <testcase name="testCase1 on null(com.sampleproject.mavenSampleProject.AppTest)" classname="com.sampleproject.mavenSampleProject.AppTest" time="0.003"/>
  <testcase name="testCase5 on null(com.sampleproject.mavenSampleProject.AppTest)" classname="com.sampleproject.mavenSampleProject.AppTest" time="0">
    <skipped/>
  </testcase>
  <testcase name="testCase6 on null(com.sampleproject.mavenSampleProject.AppTest)" classname="com.sampleproject.mavenSampleProject.AppTest" time="0.013">
    <failure type="java.lang.AssertionError:">java.lang.AssertionError: null
	at org.junit.Assert.fail(Assert.java:86)
	at org.junit.Assert.assertTrue(Assert.java:41)
	at org.junit.Assert.assertTrue(Assert.java:52)
	at com.sampleproject.mavenSampleProject.AppTest.testCase6(AppTest.java:157)
</failure>
  </testcase>
  <testcase name="test_method_2 on null(com.sampleproject.mavenSampleProject.AppTest)" classname="com.sampleproject.mavenSampleProject.AppTest" time="0.002"/>
  <testcase name="testcase2 on null(com.sampleproject.mavenSampleProject.AppTest)" classname="com.sampleproject.mavenSampleProject.AppTest" time="0.001"/>
</testsuite>