<?xml version="1.0" encoding="UTF-8"?>
<!-- Generated by org.testng.reporters.JUnitXMLReporter -->
<testsuite hostname="CHR5D0E5" ignored="0" name="FunctionalTesting" tests="9" failures="0" timestamp="03 Dec 2019 15:33:55 GMT" time="19.574" errors="0">
  <testcase name="@AfterMethod getResult" time="0.018" classname="com.sampleproject.mavenSampleProject.AppTest">
    <failure type="java.lang.NullPointerException">
      <![CDATA[java.lang.NullPointerException
at com.sampleproject.mavenSampleProject.AppTest.getResult(AppTest.java:210)
... Removed 37 stack frames]]>
    </failure>
  </testcase> <!-- @AfterMethod getResult -->
  <testcase name="@AfterMethod getResult" time="0.0" classname="com.sampleproject.mavenSampleProject.AppTest">
    <skipped/>
  </testcase> <!-- @AfterMethod getResult -->
  <testcase name="@AfterMethod getResult" time="0.0" classname="com.sampleproject.mavenSampleProject.AppTest">
    <skipped/>
  </testcase> <!-- @AfterMethod getResult -->
  <testcase name="@AfterMethod getResult" time="0.0" classname="com.sampleproject.mavenSampleProject.AppTest">
    <skipped/>
  </testcase> <!-- @AfterMethod getResult -->
  <testcase name="@AfterMethod getResult" time="0.0" classname="com.sampleproject.mavenSampleProject.AppTest">
    <skipped/>
  </testcase> <!-- @AfterMethod getResult -->
  <testcase name="@AfterMethod getResult" time="0.0" classname="com.sampleproject.mavenSampleProject.AppTest">
    <skipped/>
  </testcase> <!-- @AfterMethod getResult -->
  <testcase name="@AfterMethod getResult" time="0.0" classname="com.sampleproject.mavenSampleProject.AppTest">
    <skipped/>
  </testcase> <!-- @AfterMethod getResult -->
  <testcase name="@AfterMethod getResult" time="0.0" classname="com.sampleproject.mavenSampleProject.AppTest">
    <skipped/>
  </testcase> <!-- @AfterMethod getResult -->
  <testcase name="@AfterMethod getResult" time="0.0" classname="com.sampleproject.mavenSampleProject.AppTest">
    <skipped/>
  </testcase> <!-- @AfterMethod getResult -->
  <testcase name="@AfterTest afterTest" time="0.0" classname="com.sampleproject.mavenSampleProject.AppTest">
    <skipped/>
  </testcase> <!-- @AfterTest afterTest -->
  <testcase name="delete_test on null(com.sampleproject.mavenSampleProject.AppTest)" time="19.247" classname="com.sampleproject.mavenSampleProject.AppTest"/>
  <testcase name="post_test on null(com.sampleproject.mavenSampleProject.AppTest)" time="0.0" classname="com.sampleproject.mavenSampleProject.AppTest">
    <skipped/>
  </testcase> <!-- post_test on null(com.sampleproject.mavenSampleProject.AppTest) -->
  <testcase name="put_test on null(com.sampleproject.mavenSampleProject.AppTest)" time="0.0" classname="com.sampleproject.mavenSampleProject.AppTest">
    <skipped/>
  </testcase> <!-- put_test on null(com.sampleproject.mavenSampleProject.AppTest) -->
  <testcase name="simple_get_test on null(com.sampleproject.mavenSampleProject.AppTest)" time="0.0" classname="com.sampleproject.mavenSampleProject.AppTest">
    <skipped/>
  </testcase> <!-- simple_get_test on null(com.sampleproject.mavenSampleProject.AppTest) -->
  <testcase name="testCase1 on null(com.sampleproject.mavenSampleProject.AppTest)" time="0.0" classname="com.sampleproject.mavenSampleProject.AppTest">
    <skipped/>
  </testcase> <!-- testCase1 on null(com.sampleproject.mavenSampleProject.AppTest) -->
  <testcase name="testCase5 on null(com.sampleproject.mavenSampleProject.AppTest)" time="0.0" classname="com.sampleproject.mavenSampleProject.AppTest">
    <skipped/>
  </testcase> <!-- testCase5 on null(com.sampleproject.mavenSampleProject.AppTest) -->
  <testcase name="testCase6 on null(com.sampleproject.mavenSampleProject.AppTest)" time="0.0" classname="com.sampleproject.mavenSampleProject.AppTest">
    <skipped/>
  </testcase> <!-- testCase6 on null(com.sampleproject.mavenSampleProject.AppTest) -->
  <testcase name="test_method_2 on null(com.sampleproject.mavenSampleProject.AppTest)" time="0.0" classname="com.sampleproject.mavenSampleProject.AppTest">
    <skipped/>
  </testcase> <!-- test_method_2 on null(com.sampleproject.mavenSampleProject.AppTest) -->
  <testcase name="testcase2 on null(com.sampleproject.mavenSampleProject.AppTest)" time="0.0" classname="com.sampleproject.mavenSampleProject.AppTest">
    <skipped/>
  </testcase> <!-- testcase2 on null(com.sampleproject.mavenSampleProject.AppTest) -->
</testsuite> <!-- FunctionalTesting -->
