<?xml version="1.0" encoding="UTF-8"?>
<!-- Generated by org.testng.reporters.JUnitXMLReporter -->
<testsuite hostname="CHR5D0E5" ignored="6" name="Group of group Test" tests="1" failures="0" timestamp="20 Nov 2019 10:32:27 GMT" time="0.0" errors="0">
  <testcase name="test_method_3 on null(com.sampleproject.mavenSampleProject.AppTest)" time="0.0" classname="com.sampleproject.mavenSampleProject.AppTest"/>
  <testcase name="testcase2" time="0.0" classname="com.sampleproject.mavenSampleProject.AppTest">
    <ignored/>
  </testcase> <!-- testcase2 -->
  <testcase name="testCase1" time="0.0" classname="com.sampleproject.mavenSampleProject.AppTest">
    <ignored/>
  </testcase> <!-- testCase1 -->
  <testcase name="testCase4" time="0.0" classname="com.sampleproject.mavenSampleProject.AppTest">
    <ignored/>
  </testcase> <!-- testCase4 -->
  <testcase name="test_method_2" time="0.0" classname="com.sampleproject.mavenSampleProject.AppTest">
    <ignored/>
  </testcase> <!-- test_method_2 -->
  <testcase name="test_method_1" time="0.0" classname="com.sampleproject.mavenSampleProject.AppTest">
    <ignored/>
  </testcase> <!-- test_method_1 -->
  <testcase name="testCase5" time="0.0" classname="com.sampleproject.mavenSampleProject.AppTest">
    <ignored/>
  </testcase> <!-- testCase5 -->
</testsuite> <!-- Group of group Test -->
